<?xml version="1.0" encoding="UTF-8"?>
<testng-results ignored="0" total="4" passed="4" failed="0" skipped="0">
  <reporter-output>
  </reporter-output>
  <suite started-at="2021-09-12T16:12:56 CLST" name="Test" finished-at="2021-09-12T16:13:22 CLST" duration-ms="26571">
    <groups>
      <group name="cucumber">
        <method signature="AbstractTestNGCucumberTests.runScenario(io.cucumber.testng.PickleWrapper, io.cucumber.testng.FeatureWrapper)[pri:0, instance:TestRunner.Runner_LC@bd4dc25]" name="runScenario" class="io.cucumber.testng.AbstractTestNGCucumberTests"/>
        <method signature="AbstractTestNGCucumberTests.runScenario(io.cucumber.testng.PickleWrapper, io.cucumber.testng.FeatureWrapper)[pri:0, instance:TestRunner.Runner_LIC@5562c41e]" name="runScenario" class="io.cucumber.testng.AbstractTestNGCucumberTests"/>
        <method signature="AbstractTestNGCucumberTests.runScenario(io.cucumber.testng.PickleWrapper, io.cucumber.testng.FeatureWrapper)[pri:0, instance:TestRunner.Runner_AgendarHora@f736069]" name="runScenario" class="io.cucumber.testng.AbstractTestNGCucumberTests"/>
      </group> <!-- cucumber -->
    </groups>
    <test started-at="2021-09-12T16:12:56 CLST" name="Conexión a base de datos" finished-at="2021-09-12T16:12:56 CLST" duration-ms="440">
      <class name="TestNG.bd_connectTest">
        <test-method signature="test()[pri:0, instance:TestNG.bd_connectTest@346d61be]" started-at="2021-09-12T16:12:56 CLST" name="test" finished-at="2021-09-12T16:12:56 CLST" duration-ms="386" status="PASS">
          <reporter-output>
          </reporter-output>
        </test-method> <!-- test -->
      </class> <!-- TestNG.bd_connectTest -->
    </test> <!-- Conexión a base de datos -->
    <test started-at="2021-09-12T16:12:56 CLST" name="Datos Correctos" finished-at="2021-09-12T16:13:06 CLST" duration-ms="9930">
      <class name="TestRunner.Runner_LC">
        <test-method is-config="true" signature="setUpClass()[pri:0, instance:TestRunner.Runner_LC@bd4dc25]" started-at="2021-09-12T16:12:56 CLST" name="setUpClass" finished-at="2021-09-12T16:12:57 CLST" duration-ms="648" status="PASS">
          <reporter-output>
          </reporter-output>
        </test-method> <!-- setUpClass -->
        <test-method signature="runScenario(io.cucumber.testng.PickleWrapper, io.cucumber.testng.FeatureWrapper)[pri:0, instance:TestRunner.Runner_LC@bd4dc25]" started-at="2021-09-12T16:12:57 CLST" name="runScenario" description="Runs Cucumber Scenarios" data-provider="scenarios" finished-at="2021-09-12T16:13:06 CLST" duration-ms="9075" status="PASS">
          <params>
            <param index="0">
              <value>
                <![CDATA["Verificacion de ingreso de sesion"]]>
              </value>
            </param>
            <param index="1">
              <value>
                <![CDATA["Optional[Realizacion de casos ingresando nombre de usuario y contrase�a]"]]>
              </value>
            </param>
          </params>
          <reporter-output>
          </reporter-output>
        </test-method> <!-- runScenario -->
        <test-method is-config="true" signature="tearDownClass()[pri:0, instance:TestRunner.Runner_LC@bd4dc25]" started-at="2021-09-12T16:13:06 CLST" name="tearDownClass" finished-at="2021-09-12T16:13:06 CLST" duration-ms="197" status="PASS">
          <reporter-output>
          </reporter-output>
        </test-method> <!-- tearDownClass -->
      </class> <!-- TestRunner.Runner_LC -->
    </test> <!-- Datos Correctos -->
    <test started-at="2021-09-12T16:13:06 CLST" name="Datos Incorrectos" finished-at="2021-09-12T16:13:12 CLST" duration-ms="5762">
      <class name="TestRunner.Runner_LIC">
        <test-method is-config="true" signature="setUpClass()[pri:0, instance:TestRunner.Runner_LIC@5562c41e]" started-at="2021-09-12T16:13:06 CLST" name="setUpClass" finished-at="2021-09-12T16:13:06 CLST" duration-ms="18" status="PASS">
          <reporter-output>
          </reporter-output>
        </test-method> <!-- setUpClass -->
        <test-method signature="runScenario(io.cucumber.testng.PickleWrapper, io.cucumber.testng.FeatureWrapper)[pri:0, instance:TestRunner.Runner_LIC@5562c41e]" started-at="2021-09-12T16:13:06 CLST" name="runScenario" description="Runs Cucumber Scenarios" data-provider="scenarios" finished-at="2021-09-12T16:13:12 CLST" duration-ms="5690" status="PASS">
          <params>
            <param index="0">
              <value>
                <![CDATA["Verificacion de ingreso de sesion"]]>
              </value>
            </param>
            <param index="1">
              <value>
                <![CDATA["Optional[Realizacion de casos ingresando nombre de usuario y contrase�a]"]]>
              </value>
            </param>
          </params>
          <reporter-output>
          </reporter-output>
        </test-method> <!-- runScenario -->
        <test-method is-config="true" signature="tearDownClass()[pri:0, instance:TestRunner.Runner_LIC@5562c41e]" started-at="2021-09-12T16:13:12 CLST" name="tearDownClass" finished-at="2021-09-12T16:13:12 CLST" duration-ms="49" status="PASS">
          <reporter-output>
          </reporter-output>
        </test-method> <!-- tearDownClass -->
      </class> <!-- TestRunner.Runner_LIC -->
    </test> <!-- Datos Incorrectos -->
    <test started-at="2021-09-12T16:13:12 CLST" name="Agendar Hora" finished-at="2021-09-12T16:13:22 CLST" duration-ms="10387">
      <class name="TestRunner.Runner_AgendarHora">
        <test-method is-config="true" signature="setUpClass()[pri:0, instance:TestRunner.Runner_AgendarHora@f736069]" started-at="2021-09-12T16:13:12 CLST" name="setUpClass" finished-at="2021-09-12T16:13:12 CLST" duration-ms="22" status="PASS">
          <reporter-output>
          </reporter-output>
        </test-method> <!-- setUpClass -->
        <test-method signature="runScenario(io.cucumber.testng.PickleWrapper, io.cucumber.testng.FeatureWrapper)[pri:0, instance:TestRunner.Runner_AgendarHora@f736069]" started-at="2021-09-12T16:13:12 CLST" name="runScenario" description="Runs Cucumber Scenarios" data-provider="scenarios" finished-at="2021-09-12T16:13:22 CLST" duration-ms="10302" status="PASS">
          <params>
            <param index="0">
              <value>
                <![CDATA["Verificacion de ingreso de sesion"]]>
              </value>
            </param>
            <param index="1">
              <value>
                <![CDATA["Optional[Realizacion de casos ingresando nombre de usuario y contrase�a]"]]>
              </value>
            </param>
          </params>
          <reporter-output>
          </reporter-output>
        </test-method> <!-- runScenario -->
        <test-method is-config="true" signature="tearDownClass()[pri:0, instance:TestRunner.Runner_AgendarHora@f736069]" started-at="2021-09-12T16:13:22 CLST" name="tearDownClass" finished-at="2021-09-12T16:13:22 CLST" duration-ms="58" status="PASS">
          <reporter-output>
          </reporter-output>
        </test-method> <!-- tearDownClass -->
      </class> <!-- TestRunner.Runner_AgendarHora -->
    </test> <!-- Agendar Hora -->
  </suite> <!-- Test -->
</testng-results>
